Base path: 'C:/Program Files/Unity/Hub/Editor/2019.3.6f1/Editor/Data', plugins path 'C:/Program Files/Unity/Hub/Editor/2019.3.6f1/Editor/Data/PlaybackEngines'
Cmd: initializeCompiler
Cmd: compileComputeKernel
  api=4 insize=12109 outsize=1099 ok=1
Cmd: compileComputeKernel
  api=4 insize=11985 outsize=1465 ok=1
Cmd: compileComputeKernel
  api=4 insize=11985 outsize=1502 ok=1
Cmd: compileComputeKernel
  api=4 insize=18301 outsize=3063 ok=1
Cmd: compileComputeKernel
  api=4 insize=66874 outsize=3099 ok=1
Cmd: compileComputeKernel
  api=4 insize=66874 outsize=1597 ok=1
Cmd: compileComputeKernel
  api=4 insize=66874 outsize=1284 ok=1
Cmd: compileComputeKernel
  api=4 insize=66874 outsize=1682 ok=1
Cmd: compileComputeKernel
  api=4 insize=66874 outsize=1311 ok=1
Cmd: compileComputeKernel
  api=4 insize=66874 outsize=1823 ok=1
Cmd: compileComputeKernel
  api=4 insize=66874 outsize=1974 ok=1
Cmd: compileComputeKernel
  api=4 insize=66874 outsize=1998 ok=1
Cmd: compileComputeKernel
  api=4 insize=66874 outsize=3544 ok=1
Cmd: compileComputeKernel
  api=4 insize=66874 outsize=1382 ok=1
Cmd: compileComputeKernel
  api=4 insize=72903 outsize=5741 ok=1
Cmd: compileComputeKernel
  api=4 insize=34089 outsize=677 ok=1
Cmd: compileComputeKernel
  api=4 insize=34089 outsize=1005 ok=1
Cmd: compileComputeKernel
  api=4 insize=34089 outsize=796 ok=1
Cmd: compileComputeKernel
  api=4 insize=34089 outsize=1292 ok=1
Cmd: compileComputeKernel
  api=4 insize=34089 outsize=1497 ok=1
Cmd: compileComputeKernel
  api=4 insize=34089 outsize=1248 ok=1
Cmd: compileComputeKernel
  api=4 insize=34089 outsize=1631 ok=1
Cmd: compileComputeKernel
  api=4 insize=79248 outsize=27129 ok=1
Cmd: compileSnippet
  api=4 type=0 insize=11846 outsize=1258 kw=SHADOWS_SPLIT_SPHERES pd=UNITY_ENABLE_REFLECTION_BUFFERS UNITY_USE_DITHER_MASK_FOR_ALPHABLENDED_SHADOWS UNITY_PBS_USE_BRDF1 UNITY_SPECCUBE_BOX_PROJECTION UNITY_SPECCUBE_BLENDING UNITY_ENABLE_DETAIL_NORMALMAP SHADER_API_DESKTOP UNITY_COLORSPACE_GAMMA UNITY_LIGHT_PROBE_PROXY_VOLUME UNITY_LIGHTMAP_FULL_HDR ok=1

Quitting shader compiler process
